d:\projects\screenproducetool\screenproducetool\release\screenproducetool.pch
d:\projects\screenproducetool\screenproducetool\release\vc120.pdb
d:\projects\screenproducetool\screenproducetool\release\stdafx.obj
d:\projects\screenproducetool\screenproducetool\release\lb_action.obj
d:\projects\screenproducetool\screenproducetool\release\screenproducetooldlg.obj
d:\projects\screenproducetool\screenproducetool\release\screenproducetool.obj
d:\projects\screenproducetool\screenproducetool\release\sqlite3wrapper.obj
d:\projects\screenproducetool\screenproducetool\release\reportctrl.obj
d:\projects\screenproducetool\screenproducetool\release\dlguser.obj
d:\projects\screenproducetool\screenproducetool\release\dlgscreenfactory.obj
d:\projects\screenproducetool\screenproducetool\release\dlgfactory.obj
d:\projects\screenproducetool\screenproducetool\release\clb_global.obj
d:\projects\screenproducetool\release\screenproducetool.exe
d:\projects\screenproducetool\release\screenproducetool.pdb
d:\projects\screenproducetool\screenproducetool\release\screenproducetool.res
d:\projects\screenproducetool\screenproducetool\release\screenpr.03e24ca4.tlog\cl.command.1.tlog
d:\projects\screenproducetool\screenproducetool\release\screenpr.03e24ca4.tlog\cl.read.1.tlog
d:\projects\screenproducetool\screenproducetool\release\screenpr.03e24ca4.tlog\cl.write.1.tlog
d:\projects\screenproducetool\screenproducetool\release\screenpr.03e24ca4.tlog\link.command.1.tlog
d:\projects\screenproducetool\screenproducetool\release\screenpr.03e24ca4.tlog\link.read.1.tlog
d:\projects\screenproducetool\screenproducetool\release\screenpr.03e24ca4.tlog\link.write.1.tlog
d:\projects\screenproducetool\screenproducetool\release\screenpr.03e24ca4.tlog\rc.command.1.tlog
d:\projects\screenproducetool\screenproducetool\release\screenpr.03e24ca4.tlog\rc.read.1.tlog
d:\projects\screenproducetool\screenproducetool\release\screenpr.03e24ca4.tlog\rc.write.1.tlog
